<?xml version="1.0" encoding="UTF-8"?>
<!-- Generated by org.testng.reporters.JUnitReportReporter -->
<testsuite hostname="DESKTOP-1SP5EH3" failures="0" tests="1" name="com.mvnAutomation.testscript.CustomerModule" time="0.021" errors="0" timestamp="19 Apr 2023 08:34:27 GMT" skipped="0">
  <testcase classname="com.mvnAutomation.testscript.CustomerModule" name="CreateCustomer" time="0.021"/>
</testsuite> <!-- com.mvnAutomation.testscript.CustomerModule -->
